\BOOKMARK [0][-]{chapter*.2}{Chapter 8: Shell}{}% 1
\BOOKMARK [1][-]{experiment.1.1}{Process}{chapter*.2}% 2
\BOOKMARK [1][-]{experiment.1.2}{Context switching}{chapter*.2}% 3
\BOOKMARK [1][-]{experiment.1.3}{File Descriptor}{chapter*.2}% 4
\BOOKMARK [1][-]{experiment.1.4}{Signal}{chapter*.2}% 5
\BOOKMARK [1][-]{experiment.1.5}{Pipelining}{chapter*.2}% 6
\BOOKMARK [1][-]{experiment.1.6}{Fork}{chapter*.2}% 7
\BOOKMARK [1][-]{experiment.1.7}{reentrant}{chapter*.2}% 8
\BOOKMARK [1][-]{experiment.1.8}{Signal Handlers}{chapter*.2}% 9
\BOOKMARK [1][-]{experiment.1.9}{PID-process identifier}{chapter*.2}% 10
\BOOKMARK [1][-]{experiment.1.10}{Resources}{chapter*.2}% 11
\BOOKMARK [0][-]{chapter*.3}{Thread Pool}{}% 12
\BOOKMARK [1][-]{experiment.2.1}{Threads}{chapter*.3}% 13
\BOOKMARK [1][-]{experiment.2.2}{Mutexes}{chapter*.3}% 14
\BOOKMARK [1][-]{experiment.2.3}{Race Conditions}{chapter*.3}% 15
\BOOKMARK [1][-]{experiment.2.4}{Deadlock and Livelock}{chapter*.3}% 16
\BOOKMARK [1][-]{experiment.2.5}{Semaphores}{chapter*.3}% 17
\BOOKMARK [0][-]{chapter*.4}{Memory Allocation}{}% 18
\BOOKMARK [1][-]{experiment.3.1}{Start}{chapter*.4}% 19
\BOOKMARK [0][-]{chapter*.5}{Web Server}{}% 20
\BOOKMARK [1][-]{experiment.4.1}{Protocol Layering}{chapter*.5}% 21
\BOOKMARK [0][-]{chapter*.6}{Saturday, 27 March 2010}{}% 22
\BOOKMARK [1][-]{experiment.5.1}{Bulleted list example}{chapter*.6}% 23
\BOOKMARK [1][-]{experiment.5.2}{This is an example experiment}{chapter*.6}% 24
\BOOKMARK [1][-]{experiment.5.3}{This is another example experiment}{chapter*.6}% 25
